# JRE version: OpenJDK Runtime Environment (8.0_91-b14) (build 1.8.0_91-8u91-b14-0ubuntu4~15.10.1-b14)
# Java VM: OpenJDK 64-Bit Server VM (25.91-b14 mixed mode linux-amd64 compressed oops)
Heap:
 PSYoungGen      total 155136K, used 9526K [0x00000000eab00000, 0x00000000f4c80000, 0x0000000100000000)
  eden space 145408K, 0% used [0x00000000eab00000,0x00000000eab00000,0x00000000f3900000)
  from space 9728K, 97% used [0x00000000f3900000,0x00000000f424db78,0x00000000f4280000)
  to   space 7680K, 0% used [0x00000000f4280000,0x00000000f4280000,0x00000000f4a00000)
 ParOldGen       total 31232K, used 16604K [0x00000000c0000000, 0x00000000c1e80000, 0x00000000eab00000)
  object space 31232K, 53% used [0x00000000c0000000,0x00000000c10371d0,0x00000000c1e80000)
 Metaspace       used 34509K, capacity 35374K, committed 35496K, reserved 1079296K
  class space    used 4551K, capacity 4784K, committed 4864K, reserved 1048576K
GC Heap History (10 events):
Event: 3.202 GC heap after
Heap after GC invocations=9 (full 1):
 PSYoungGen      total 71168K, used 0K [0x00000000eab00000, 0x00000000ef800000, 0x0000000100000000)
  eden space 63488K, 0% used [0x00000000eab00000,0x00000000eab00000,0x00000000ee900000)
  from space 7680K, 0% used [0x00000000ef080000,0x00000000ef080000,0x00000000ef800000)
  to   space 7680K, 0% used [0x00000000ee900000,0x00000000ee900000,0x00000000ef080000)
 ParOldGen       total 31232K, used 9898K [0x00000000c0000000, 0x00000000c1e80000, 0x00000000eab00000)
  object space 31232K, 31% used [0x00000000c0000000,0x00000000c09aa860,0x00000000c1e80000)
 Metaspace       used 20791K, capacity 21144K, committed 21296K, reserved 1067008K
  class space    used 2725K, capacity 2858K, committed 2944K, reserved 1048576K
}
Event: 3.647 GC heap before
{Heap before GC invocations=10 (full 1):
 PSYoungGen      total 71168K, used 63488K [0x00000000eab00000, 0x00000000ef800000, 0x0000000100000000)
  eden space 63488K, 100% used [0x00000000eab00000,0x00000000ee900000,0x00000000ee900000)
  from space 7680K, 0% used [0x00000000ef080000,0x00000000ef080000,0x00000000ef800000)
  to   space 7680K, 0% used [0x00000000ee900000,0x00000000ee900000,0x00000000ef080000)
 ParOldGen       total 31232K, used 9898K [0x00000000c0000000, 0x00000000c1e80000, 0x00000000eab00000)
  object space 31232K, 31% used [0x00000000c0000000,0x00000000c09aa860,0x00000000c1e80000)
 Metaspace       used 21641K, capacity 22040K, committed 22400K, reserved 1069056K
  class space    used 2741K, capacity 2858K, committed 2944K, reserved 1048576K
Event: 3.661 GC heap after
Heap after GC invocations=10 (full 1):
 PSYoungGen      total 71168K, used 1536K [0x00000000eab00000, 0x00000000f1900000, 0x0000000100000000)
  eden space 63488K, 0% used [0x00000000eab00000,0x00000000eab00000,0x00000000ee900000)
  from space 7680K, 20% used [0x00000000ee900000,0x00000000eea80030,0x00000000ef080000)
  to   space 7680K, 0% used [0x00000000f1180000,0x00000000f1180000,0x00000000f1900000)
 ParOldGen       total 31232K, used 9906K [0x00000000c0000000, 0x00000000c1e80000, 0x00000000eab00000)
  object space 31232K, 31% used [0x00000000c0000000,0x00000000c09ac860,0x00000000c1e80000)
 Metaspace       used 21641K, capacity 22040K, committed 22400K, reserved 1069056K
  class space    used 2741K, capacity 2858K, committed 2944K, reserved 1048576K
}
Event: 3.913 GC heap before
{Heap before GC invocations=11 (full 1):
 PSYoungGen      total 71168K, used 65024K [0x00000000eab00000, 0x00000000f1900000, 0x0000000100000000)
  eden space 63488K, 100% used [0x00000000eab00000,0x00000000ee900000,0x00000000ee900000)
  from space 7680K, 20% used [0x00000000ee900000,0x00000000eea80030,0x00000000ef080000)
  to   space 7680K, 0% used [0x00000000f1180000,0x00000000f1180000,0x00000000f1900000)
 ParOldGen       total 31232K, used 9906K [0x00000000c0000000, 0x00000000c1e80000, 0x00000000eab00000)
  object space 31232K, 31% used [0x00000000c0000000,0x00000000c09ac860,0x00000000c1e80000)
 Metaspace       used 21653K, capacity 22040K, committed 22400K, reserved 1069056K
  class space    used 2741K, capacity 2858K, committed 2944K, reserved 1048576K
Event: 3.960 GC heap after
Heap after GC invocations=11 (full 1):
 PSYoungGen      total 104960K, used 2032K [0x00000000eab00000, 0x00000000f1980000, 0x0000000100000000)
  eden space 97280K, 0% used [0x00000000eab00000,0x00000000eab00000,0x00000000f0a00000)
  from space 7680K, 26% used [0x00000000f1180000,0x00000000f137c050,0x00000000f1900000)
  to   space 7680K, 0% used [0x00000000f0a00000,0x00000000f0a00000,0x00000000f1180000)
 ParOldGen       total 31232K, used 9914K [0x00000000c0000000, 0x00000000c1e80000, 0x00000000eab00000)
  object space 31232K, 31% used [0x00000000c0000000,0x00000000c09ae860,0x00000000c1e80000)
 Metaspace       used 21653K, capacity 22040K, committed 22400K, reserved 1069056K
  class space    used 2741K, capacity 2858K, committed 2944K, reserved 1048576K
}
Event: 4.671 GC heap before
{Heap before GC invocations=12 (full 1):
 PSYoungGen      total 104960K, used 99312K [0x00000000eab00000, 0x00000000f1980000, 0x0000000100000000)
  eden space 97280K, 100% used [0x00000000eab00000,0x00000000f0a00000,0x00000000f0a00000)
  from space 7680K, 26% used [0x00000000f1180000,0x00000000f137c050,0x00000000f1900000)
  to   space 7680K, 0% used [0x00000000f0a00000,0x00000000f0a00000,0x00000000f1180000)
 ParOldGen       total 31232K, used 9914K [0x00000000c0000000, 0x00000000c1e80000, 0x00000000eab00000)
  object space 31232K, 31% used [0x00000000c0000000,0x00000000c09ae860,0x00000000c1e80000)
 Metaspace       used 22762K, capacity 23242K, committed 23424K, reserved 1069056K
  class space    used 2905K, capacity 3081K, committed 3200K, reserved 1048576K
Event: 4.680 GC heap after
Heap after GC invocations=12 (full 1):
 PSYoungGen      total 104960K, used 2733K [0x00000000eab00000, 0x00000000f4a00000, 0x0000000100000000)
  eden space 97280K, 0% used [0x00000000eab00000,0x00000000eab00000,0x00000000f0a00000)
  from space 7680K, 35% used [0x00000000f0a00000,0x00000000f0cab538,0x00000000f1180000)
  to   space 7680K, 0% used [0x00000000f4280000,0x00000000f4280000,0x00000000f4a00000)
 ParOldGen       total 31232K, used 10626K [0x00000000c0000000, 0x00000000c1e80000, 0x00000000eab00000)
  object space 31232K, 34% used [0x00000000c0000000,0x00000000c0a608a0,0x00000000c1e80000)
 Metaspace       used 22762K, capacity 23242K, committed 23424K, reserved 1069056K
  class space    used 2905K, capacity 3081K, committed 3200K, reserved 1048576K
}
Event: 6.097 GC heap before
{Heap before GC invocations=13 (full 1):
 PSYoungGen      total 104960K, used 100013K [0x00000000eab00000, 0x00000000f4a00000, 0x0000000100000000)
  eden space 97280K, 100% used [0x00000000eab00000,0x00000000f0a00000,0x00000000f0a00000)
  from space 7680K, 35% used [0x00000000f0a00000,0x00000000f0cab538,0x00000000f1180000)
  to   space 7680K, 0% used [0x00000000f4280000,0x00000000f4280000,0x00000000f4a00000)
 ParOldGen       total 31232K, used 10626K [0x00000000c0000000, 0x00000000c1e80000, 0x00000000eab00000)
  object space 31232K, 34% used [0x00000000c0000000,0x00000000c0a608a0,0x00000000c1e80000)
 Metaspace       used 29348K, capacity 30012K, committed 30208K, reserved 1075200K
  class space    used 3874K, capacity 4049K, committed 4096K, reserved 1048576K
Event: 6.116 GC heap after
Heap after GC invocations=13 (full 1):
 PSYoungGen      total 153088K, used 7664K [0x00000000eab00000, 0x00000000f4c80000, 0x0000000100000000)
  eden space 145408K, 0% used [0x00000000eab00000,0x00000000eab00000,0x00000000f3900000)
  from space 7680K, 99% used [0x00000000f4280000,0x00000000f49fc2e8,0x00000000f4a00000)
  to   space 9728K, 0% used [0x00000000f3900000,0x00000000f3900000,0x00000000f4280000)
 ParOldGen       total 31232K, used 13160K [0x00000000c0000000, 0x00000000c1e80000, 0x00000000eab00000)
  object space 31232K, 42% used [0x00000000c0000000,0x00000000c0cda180,0x00000000c1e80000)
 Metaspace       used 29348K, capacity 30012K, committed 30208K, reserved 1075200K
  class space    used 3874K, capacity 4049K, committed 4096K, reserved 1048576K
}
Event: 8.437 GC heap before
{Heap before GC invocations=14 (full 1):
 PSYoungGen      total 153088K, used 151319K [0x00000000eab00000, 0x00000000f4c80000, 0x0000000100000000)
  eden space 145408K, 98% used [0x00000000eab00000,0x00000000f3749a08,0x00000000f3900000)
  from space 7680K, 99% used [0x00000000f4280000,0x00000000f49fc2e8,0x00000000f4a00000)
  to   space 9728K, 0% used [0x00000000f3900000,0x00000000f3900000,0x00000000f4280000)
 ParOldGen       total 31232K, used 13160K [0x00000000c0000000, 0x00000000c1e80000, 0x00000000eab00000)
  object space 31232K, 42% used [0x00000000c0000000,0x00000000c0cda180,0x00000000c1e80000)
 Metaspace       used 34509K, capacity 35374K, committed 35496K, reserved 1079296K
  class space    used 4551K, capacity 4784K, committed 4864K, reserved 1048576K

